<?xml version="1.0" encoding="UTF-8"?>
<!-- Generated by org.testng.reporters.JUnitXMLReporter -->
<testsuite hostname="LAPTOP-L5P9GTDD" ignored="0" name="FailTest" tests="1" failures="0" timestamp="2021-05-15T12:33:21 AEST" time="0.19" errors="0">
  <testcase name="@BeforeTest setBrowser" time="0.022" classname="practice.CrossBrowserScript">
    <failure type="java.lang.Exception" message="Incorrect Browser">
      <![CDATA[java.lang.Exception: Incorrect Browser
at practice.CrossBrowserScript.setBrowser(CrossBrowserScript.java:32)
at java.util.concurrent.FutureTask.run(Unknown Source)
at java.util.concurrent.ThreadPoolExecutor.runWorker(Unknown Source)
at java.util.concurrent.ThreadPoolExecutor$Worker.run(Unknown Source)
at java.lang.Thread.run(Unknown Source)
... Removed 15 stack frames]]>
    </failure>
  </testcase> <!-- @BeforeTest setBrowser -->
  <testcase name="testngParameters" time="0.0" classname="practice.CrossBrowserScript">
    <skipped/>
  </testcase> <!-- testngParameters -->
</testsuite> <!-- FailTest -->
