<?xml version="1.0" encoding="UTF-8"?>
<!-- Generated by org.testng.reporters.JUnitXMLReporter -->
<testsuite hostname="LAPTOP-L5P9GTDD" ignored="0" name="FirefoxTest" tests="1" failures="0" timestamp="2021-05-15T12:34:15 AEST" time="54.595" errors="0">
  <testcase name="@BeforeTest setBrowser" time="0.022" classname="practice.CrossBrowserScript">
    <failure type="java.lang.Exception" message="Incorrect Browser">
      <![CDATA[java.lang.Exception: Incorrect Browser
at practice.CrossBrowserScript.setBrowser(CrossBrowserScript.java:32)
at java.util.concurrent.FutureTask.run(Unknown Source)
at java.util.concurrent.ThreadPoolExecutor.runWorker(Unknown Source)
at java.util.concurrent.ThreadPoolExecutor$Worker.run(Unknown Source)
at java.lang.Thread.run(Unknown Source)
... Removed 15 stack frames]]>
    </failure>
  </testcase> <!-- @BeforeTest setBrowser -->
  <testcase name="testngParameters" time="30.711" classname="practice.CrossBrowserScript"/>
</testsuite> <!-- FirefoxTest -->
