<?xml version="1.0" encoding="UTF-8"?>
<!-- Generated by org.testng.reporters.JUnitXMLReporter -->
<testsuite hostname="LAPTOP-L5P9GTDD" ignored="2" name="LoginTest" tests="1" failures="0" timestamp="2021-05-25T18:29:21 AEST" time="13.639" errors="0">
  <testcase name="TestCase" time="13.384" classname="pageObjectModelTests.TwitterLoginTest"/>
  <testcase name="@AfterSuite terminate" time="0.0" classname="pageObjectModelTests.BaseTest">
    <ignored/>
  </testcase> <!-- @AfterSuite terminate -->
  <testcase name="@BeforeSuite initialize" time="0.0" classname="pageObjectModelTests.BaseTest">
    <ignored/>
  </testcase> <!-- @BeforeSuite initialize -->
</testsuite> <!-- LoginTest -->
