<?xml version="1.0" encoding="UTF-8"?>
<testng-results skipped="0" failed="0" ignored="0" total="2" passed="2">
  <reporter-output>
  </reporter-output>
  <suite name="Default suite" duration-ms="71" started-at="2021-06-17T21:28:22 AEST" finished-at="2021-06-17T21:28:22 AEST">
    <groups>
    </groups>
    <test name="Default test" duration-ms="71" started-at="2021-06-17T21:28:22 AEST" finished-at="2021-06-17T21:28:22 AEST">
      <class name="practice.TestngAnnotations">
        <test-method status="PASS" signature="beforeSuite()[pri:0, instance:practice.TestngAnnotations@a7b76d]" name="beforeSuite" is-config="true" duration-ms="42" started-at="2021-06-17T21:28:22 AEST" finished-at="2021-06-17T21:28:22 AEST">
          <reporter-output>
          </reporter-output>
        </test-method> <!-- beforeSuite -->
        <test-method status="PASS" signature="beforeTest()[pri:0, instance:practice.TestngAnnotations@a7b76d]" name="beforeTest" is-config="true" duration-ms="0" started-at="2021-06-17T21:28:22 AEST" finished-at="2021-06-17T21:28:22 AEST">
          <reporter-output>
          </reporter-output>
        </test-method> <!-- beforeTest -->
        <test-method status="PASS" signature="beforeClass()[pri:0, instance:practice.TestngAnnotations@a7b76d]" name="beforeClass" is-config="true" duration-ms="1" started-at="2021-06-17T21:28:22 AEST" finished-at="2021-06-17T21:28:22 AEST">
          <reporter-output>
          </reporter-output>
        </test-method> <!-- beforeClass -->
        <test-method status="PASS" signature="beforeMethod()[pri:0, instance:practice.TestngAnnotations@a7b76d]" name="beforeMethod" is-config="true" duration-ms="1" started-at="2021-06-17T21:28:22 AEST" finished-at="2021-06-17T21:28:22 AEST">
          <reporter-output>
          </reporter-output>
        </test-method> <!-- beforeMethod -->
        <test-method status="PASS" signature="testcase1()[pri:0, instance:practice.TestngAnnotations@a7b76d]" name="testcase1" duration-ms="5" started-at="2021-06-17T21:28:22 AEST" finished-at="2021-06-17T21:28:22 AEST">
          <reporter-output>
          </reporter-output>
        </test-method> <!-- testcase1 -->
        <test-method status="PASS" signature="afterMethod()[pri:0, instance:practice.TestngAnnotations@a7b76d]" name="afterMethod" is-config="true" duration-ms="0" started-at="2021-06-17T21:28:22 AEST" finished-at="2021-06-17T21:28:22 AEST">
          <reporter-output>
          </reporter-output>
        </test-method> <!-- afterMethod -->
        <test-method status="PASS" signature="beforeMethod()[pri:0, instance:practice.TestngAnnotations@a7b76d]" name="beforeMethod" is-config="true" duration-ms="2" started-at="2021-06-17T21:28:22 AEST" finished-at="2021-06-17T21:28:22 AEST">
          <reporter-output>
          </reporter-output>
        </test-method> <!-- beforeMethod -->
        <test-method status="PASS" signature="testcase2()[pri:0, instance:practice.TestngAnnotations@a7b76d]" name="testcase2" duration-ms="4" started-at="2021-06-17T21:28:22 AEST" finished-at="2021-06-17T21:28:22 AEST">
          <reporter-output>
          </reporter-output>
        </test-method> <!-- testcase2 -->
        <test-method status="PASS" signature="afterMethod()[pri:0, instance:practice.TestngAnnotations@a7b76d]" name="afterMethod" is-config="true" duration-ms="0" started-at="2021-06-17T21:28:22 AEST" finished-at="2021-06-17T21:28:22 AEST">
          <reporter-output>
          </reporter-output>
        </test-method> <!-- afterMethod -->
        <test-method status="PASS" signature="afterClass()[pri:0, instance:practice.TestngAnnotations@a7b76d]" name="afterClass" is-config="true" duration-ms="0" started-at="2021-06-17T21:28:22 AEST" finished-at="2021-06-17T21:28:22 AEST">
          <reporter-output>
          </reporter-output>
        </test-method> <!-- afterClass -->
        <test-method status="PASS" signature="afterTest()[pri:0, instance:practice.TestngAnnotations@a7b76d]" name="afterTest" is-config="true" duration-ms="1" started-at="2021-06-17T21:28:22 AEST" finished-at="2021-06-17T21:28:22 AEST">
          <reporter-output>
          </reporter-output>
        </test-method> <!-- afterTest -->
        <test-method status="PASS" signature="afterSuite()[pri:0, instance:practice.TestngAnnotations@a7b76d]" name="afterSuite" is-config="true" duration-ms="0" started-at="2021-06-17T21:28:23 AEST" finished-at="2021-06-17T21:28:23 AEST">
          <reporter-output>
          </reporter-output>
        </test-method> <!-- afterSuite -->
      </class> <!-- practice.TestngAnnotations -->
    </test> <!-- Default test -->
  </suite> <!-- Default suite -->
</testng-results>
